{"blockchain/contracts/SMSCore.sol":{"l":{"27":0,"28":1,"29":1,"30":0,"35":1,"36":0,"40":0,"41":0,"42":0,"44":0,"45":0,"46":0,"56":0,"57":0,"58":0,"59":0,"63":0,"67":0,"71":0,"75":0},"path":"/data/2026/encrypto/project7/blockchain/contracts/SMSCore.sol","s":{"1":1,"2":1,"3":0,"4":0,"5":0,"6":0,"7":0,"8":0,"9":0,"10":0,"11":0},"b":{"1":[1,0],"2":[0,0],"3":[0,0],"4":[0,0],"5":[0,0],"6":[0,0],"7":[0,0],"8":[0,0],"9":[0,0]},"f":{"1":0,"2":0,"3":0,"4":0,"5":0,"6":0,"7":0,"8":0},"fnMap":{"1":{"name":"constructor","line":26,"loc":{"start":{"line":26,"column":4},"end":{"line":32,"column":4}}},"2":{"name":"noDelegateCall","line":34,"loc":{"start":{"line":34,"column":4},"end":{"line":37,"column":4}}},"3":{"name":"nonReentrantAlert","line":39,"loc":{"start":{"line":39,"column":4},"end":{"line":47,"column":4}}},"4":{"name":"allocate","line":54,"loc":{"start":{"line":49,"column":4},"end":{"line":60,"column":4}}},"5":{"name":"getAllocatedBalance","line":62,"loc":{"start":{"line":62,"column":4},"end":{"line":64,"column":4}}},"6":{"name":"isStablecoinSupported","line":66,"loc":{"start":{"line":66,"column":4},"end":{"line":68,"column":4}}},"7":{"name":"pause","line":70,"loc":{"start":{"line":70,"column":4},"end":{"line":72,"column":4}}},"8":{"name":"unpause","line":74,"loc":{"start":{"line":74,"column":4},"end":{"line":76,"column":4}}}},"statementMap":{"1":{"start":{"line":29,"column":8},"end":{"line":29,"column":1148}},"2":{"start":{"line":35,"column":8},"end":{"line":35,"column":63}},"3":{"start":{"line":40,"column":8},"end":{"line":40,"column":1443}},"4":{"start":{"line":41,"column":12},"end":{"line":41,"column":63}},"5":{"start":{"line":56,"column":8},"end":{"line":56,"column":99}},"6":{"start":{"line":58,"column":8},"end":{"line":58,"column":58}},"7":{"start":{"line":59,"column":8},"end":{"line":59,"column":71}},"8":{"start":{"line":63,"column":8},"end":{"line":63,"column":50}},"9":{"start":{"line":67,"column":8},"end":{"line":67,"column":47}},"10":{"start":{"line":71,"column":8},"end":{"line":71,"column":15}},"11":{"start":{"line":75,"column":8},"end":{"line":75,"column":17}}},"branchMap":{"1":{"line":35,"type":"if","locations":[{"start":{"line":35,"column":8},"end":{"line":35,"column":8}},{"start":{"line":35,"column":8},"end":{"line":35,"column":8}}]},"2":{"line":40,"type":"if","locations":[{"start":{"line":40,"column":8},"end":{"line":40,"column":8}},{"start":{"line":40,"column":8},"end":{"line":40,"column":8}}]},"3":{"line":51,"type":"if","locations":[{"start":{"line":51,"column":8},"end":{"line":51,"column":8}},{"start":{"line":51,"column":8},"end":{"line":51,"column":8}}]},"4":{"line":52,"type":"if","locations":[{"start":{"line":52,"column":8},"end":{"line":52,"column":8}},{"start":{"line":52,"column":8},"end":{"line":52,"column":8}}]},"5":{"line":53,"type":"if","locations":[{"start":{"line":53,"column":8},"end":{"line":53,"column":8}},{"start":{"line":53,"column":8},"end":{"line":53,"column":8}}]},"6":{"line":54,"type":"if","locations":[{"start":{"line":54,"column":8},"end":{"line":54,"column":8}},{"start":{"line":54,"column":8},"end":{"line":54,"column":8}}]},"7":{"line":56,"type":"if","locations":[{"start":{"line":56,"column":8},"end":{"line":56,"column":8}},{"start":{"line":56,"column":8},"end":{"line":56,"column":8}}]},"8":{"line":70,"type":"if","locations":[{"start":{"line":70,"column":30},"end":{"line":70,"column":30}},{"start":{"line":70,"column":30},"end":{"line":70,"column":30}}]},"9":{"line":74,"type":"if","locations":[{"start":{"line":74,"column":32},"end":{"line":74,"column":32}},{"start":{"line":74,"column":32},"end":{"line":74,"column":32}}]}}},"blockchain/contracts/SUSCore.sol":{"l":{"34":0,"35":0,"36":0,"41":2,"42":1,"46":1,"47":1,"48":0,"50":0,"51":0,"52":0,"56":2,"57":5,"58":5,"59":3,"62":3,"63":0,"64":2,"65":2,"69":0,"70":0,"72":0,"73":0,"74":0,"78":0,"79":0,"80":0,"84":0,"85":0,"89":0,"93":0,"97":0},"path":"/data/2026/encrypto/project7/blockchain/contracts/SUSCore.sol","s":{"1":0,"2":2,"3":1,"4":1,"5":1,"6":5,"7":5,"8":0,"9":2,"10":0,"11":0,"12":0,"13":0,"14":0,"15":0,"16":0,"17":0,"18":0,"19":0,"20":0},"b":{"1":[2,2],"2":[1,0],"3":[0,0],"4":[0,0],"5":[0,0],"6":[1,1],"7":[5,3],"8":[0,0],"9":[0,0],"10":[0,0],"11":[0,0],"12":[0,0],"13":[0,0],"14":[0,0],"15":[0,0],"16":[0,0],"17":[0,0],"18":[0,0]},"f":{"1":0,"2":2,"3":1,"4":2,"5":0,"6":0,"7":0,"8":0,"9":0,"10":0},"fnMap":{"1":{"name":"constructor","line":33,"loc":{"start":{"line":33,"column":4},"end":{"line":38,"column":4}}},"2":{"name":"noDelegateCall","line":40,"loc":{"start":{"line":40,"column":4},"end":{"line":43,"column":4}}},"3":{"name":"nonReentrantAlert","line":45,"loc":{"start":{"line":45,"column":4},"end":{"line":53,"column":4}}},"4":{"name":"deposit","line":55,"loc":{"start":{"line":55,"column":4},"end":{"line":66,"column":4}}},"5":{"name":"withdraw","line":68,"loc":{"start":{"line":68,"column":4},"end":{"line":75,"column":4}}},"6":{"name":"debitForAllocation","line":77,"loc":{"start":{"line":77,"column":4},"end":{"line":81,"column":4}}},"7":{"name":"getBalance","line":83,"loc":{"start":{"line":83,"column":4},"end":{"line":86,"column":4}}},"8":{"name":"isStablecoinSupported","line":88,"loc":{"start":{"line":88,"column":4},"end":{"line":90,"column":4}}},"9":{"name":"pause","line":92,"loc":{"start":{"line":92,"column":4},"end":{"line":94,"column":4}}},"10":{"name":"unpause","line":96,"loc":{"start":{"line":96,"column":4},"end":{"line":98,"column":4}}}},"statementMap":{"1":{"start":{"line":35,"column":8},"end":{"line":35,"column":1243}},"2":{"start":{"line":41,"column":8},"end":{"line":41,"column":63}},"3":{"start":{"line":46,"column":8},"end":{"line":46,"column":1540}},"4":{"start":{"line":47,"column":12},"end":{"line":47,"column":63}},"5":{"start":{"line":56,"column":8},"end":{"line":56,"column":87}},"6":{"start":{"line":57,"column":8},"end":{"line":57,"column":54}},"7":{"start":{"line":58,"column":8},"end":{"line":58,"column":2026}},"8":{"start":{"line":62,"column":8},"end":{"line":62,"column":77}},"9":{"start":{"line":65,"column":8},"end":{"line":65,"column":54}},"10":{"start":{"line":69,"column":8},"end":{"line":69,"column":54}},"11":{"start":{"line":70,"column":8},"end":{"line":70,"column":89}},"12":{"start":{"line":73,"column":8},"end":{"line":73,"column":75}},"13":{"start":{"line":74,"column":8},"end":{"line":74,"column":42}},"14":{"start":{"line":78,"column":8},"end":{"line":78,"column":48}},"15":{"start":{"line":79,"column":8},"end":{"line":79,"column":89}},"16":{"start":{"line":84,"column":8},"end":{"line":84,"column":48}},"17":{"start":{"line":85,"column":8},"end":{"line":85,"column":61}},"18":{"start":{"line":89,"column":8},"end":{"line":89,"column":47}},"19":{"start":{"line":93,"column":8},"end":{"line":93,"column":15}},"20":{"start":{"line":97,"column":8},"end":{"line":97,"column":17}}},"branchMap":{"1":{"line":41,"type":"if","locations":[{"start":{"line":41,"column":8},"end":{"line":41,"column":8}},{"start":{"line":41,"column":8},"end":{"line":41,"column":8}}]},"2":{"line":46,"type":"if","locations":[{"start":{"line":46,"column":8},"end":{"line":46,"column":8}},{"start":{"line":46,"column":8},"end":{"line":46,"column":8}}]},"3":{"line":55,"type":"if","locations":[{"start":{"line":55,"column":66},"end":{"line":55,"column":66}},{"start":{"line":55,"column":66},"end":{"line":55,"column":66}}]},"4":{"line":55,"type":"if","locations":[{"start":{"line":55,"column":80},"end":{"line":55,"column":80}},{"start":{"line":55,"column":80},"end":{"line":55,"column":80}}]},"5":{"line":55,"type":"if","locations":[{"start":{"line":55,"column":95},"end":{"line":55,"column":95}},{"start":{"line":55,"column":95},"end":{"line":55,"column":95}}]},"6":{"line":56,"type":"if","locations":[{"start":{"line":56,"column":8},"end":{"line":56,"column":8}},{"start":{"line":56,"column":8},"end":{"line":56,"column":8}}]},"7":{"line":58,"type":"if","locations":[{"start":{"line":58,"column":8},"end":{"line":58,"column":8}},{"start":{"line":58,"column":8},"end":{"line":58,"column":8}}]},"8":{"line":68,"type":"if","locations":[{"start":{"line":68,"column":47},"end":{"line":68,"column":47}},{"start":{"line":68,"column":47},"end":{"line":68,"column":47}}]},"9":{"line":68,"type":"if","locations":[{"start":{"line":68,"column":61},"end":{"line":68,"column":61}},{"start":{"line":68,"column":61},"end":{"line":68,"column":61}}]},"10":{"line":68,"type":"if","locations":[{"start":{"line":68,"column":76},"end":{"line":68,"column":76}},{"start":{"line":68,"column":76},"end":{"line":68,"column":76}}]},"11":{"line":70,"type":"if","locations":[{"start":{"line":70,"column":8},"end":{"line":70,"column":8}},{"start":{"line":70,"column":8},"end":{"line":70,"column":8}}]},"12":{"line":77,"type":"if","locations":[{"start":{"line":77,"column":71},"end":{"line":77,"column":71}},{"start":{"line":77,"column":71},"end":{"line":77,"column":71}}]},"13":{"line":77,"type":"if","locations":[{"start":{"line":77,"column":81},"end":{"line":77,"column":81}},{"start":{"line":77,"column":81},"end":{"line":77,"column":81}}]},"14":{"line":77,"type":"if","locations":[{"start":{"line":77,"column":95},"end":{"line":77,"column":95}},{"start":{"line":77,"column":95},"end":{"line":77,"column":95}}]},"15":{"line":77,"type":"if","locations":[{"start":{"line":77,"column":110},"end":{"line":77,"column":110}},{"start":{"line":77,"column":110},"end":{"line":77,"column":110}}]},"16":{"line":79,"type":"if","locations":[{"start":{"line":79,"column":8},"end":{"line":79,"column":8}},{"start":{"line":79,"column":8},"end":{"line":79,"column":8}}]},"17":{"line":92,"type":"if","locations":[{"start":{"line":92,"column":30},"end":{"line":92,"column":30}},{"start":{"line":92,"column":30},"end":{"line":92,"column":30}}]},"18":{"line":96,"type":"if","locations":[{"start":{"line":96,"column":32},"end":{"line":96,"column":32}},{"start":{"line":96,"column":32},"end":{"line":96,"column":32}}]}}}}