TN:
SF:/data/2026/encrypto/project7/blockchain/contracts/SMSCore.sol
FN:26,constructor
FN:34,noDelegateCall
FN:39,nonReentrantAlert
FN:54,allocate
FN:62,getAllocatedBalance
FN:66,isStablecoinSupported
FN:70,pause
FN:74,unpause
FNF:8
FNH:0
FNDA:0,constructor
FNDA:0,noDelegateCall
FNDA:0,nonReentrantAlert
FNDA:0,allocate
FNDA:0,getAllocatedBalance
FNDA:0,isStablecoinSupported
FNDA:0,pause
FNDA:0,unpause
DA:27,0
DA:28,1
DA:29,1
DA:30,0
DA:35,1
DA:36,0
DA:40,0
DA:41,0
DA:42,0
DA:44,0
DA:45,0
DA:46,0
DA:56,0
DA:57,0
DA:58,0
DA:59,0
DA:63,0
DA:67,0
DA:71,0
DA:75,0
LF:20
LH:3
BRDA:35,1,0,1
BRDA:35,1,1,0
BRDA:40,2,0,0
BRDA:40,2,1,0
BRDA:51,3,0,0
BRDA:51,3,1,0
BRDA:52,4,0,0
BRDA:52,4,1,0
BRDA:53,5,0,0
BRDA:53,5,1,0
BRDA:54,6,0,0
BRDA:54,6,1,0
BRDA:56,7,0,0
BRDA:56,7,1,0
BRDA:70,8,0,0
BRDA:70,8,1,0
BRDA:74,9,0,0
BRDA:74,9,1,0
BRF:18
BRH:1
end_of_record
TN:
SF:/data/2026/encrypto/project7/blockchain/contracts/SUSCore.sol
FN:33,constructor
FN:40,noDelegateCall
FN:45,nonReentrantAlert
FN:55,deposit
FN:68,withdraw
FN:77,debitForAllocation
FN:83,getBalance
FN:88,isStablecoinSupported
FN:92,pause
FN:96,unpause
FNF:10
FNH:3
FNDA:0,constructor
FNDA:2,noDelegateCall
FNDA:1,nonReentrantAlert
FNDA:2,deposit
FNDA:0,withdraw
FNDA:0,debitForAllocation
FNDA:0,getBalance
FNDA:0,isStablecoinSupported
FNDA:0,pause
FNDA:0,unpause
DA:34,0
DA:35,0
DA:36,0
DA:41,2
DA:42,1
DA:46,1
DA:47,1
DA:48,0
DA:50,0
DA:51,0
DA:52,0
DA:56,2
DA:57,5
DA:58,5
DA:59,3
DA:62,3
DA:63,0
DA:64,2
DA:65,2
DA:69,0
DA:70,0
DA:72,0
DA:73,0
DA:74,0
DA:78,0
DA:79,0
DA:80,0
DA:84,0
DA:85,0
DA:89,0
DA:93,0
DA:97,0
LF:32
LH:11
BRDA:41,1,0,2
BRDA:41,1,1,2
BRDA:46,2,0,1
BRDA:46,2,1,0
BRDA:55,3,0,0
BRDA:55,3,1,0
BRDA:55,4,0,0
BRDA:55,4,1,0
BRDA:55,5,0,0
BRDA:55,5,1,0
BRDA:56,6,0,1
BRDA:56,6,1,1
BRDA:58,7,0,5
BRDA:58,7,1,3
BRDA:68,8,0,0
BRDA:68,8,1,0
BRDA:68,9,0,0
BRDA:68,9,1,0
BRDA:68,10,0,0
BRDA:68,10,1,0
BRDA:70,11,0,0
BRDA:70,11,1,0
BRDA:77,12,0,0
BRDA:77,12,1,0
BRDA:77,13,0,0
BRDA:77,13,1,0
BRDA:77,14,0,0
BRDA:77,14,1,0
BRDA:77,15,0,0
BRDA:77,15,1,0
BRDA:79,16,0,0
BRDA:79,16,1,0
BRDA:92,17,0,0
BRDA:92,17,1,0
BRDA:96,18,0,0
BRDA:96,18,1,0
BRF:36
BRH:7
end_of_record
